<?xml version="1.0" encoding="UTF-8"?>
<!-- Generated by org.testng.reporters.JUnitXMLReporter -->
<testsuite ignored="0" hostname="TGL154" failures="0" tests="5" name="Entrata TestCases" time="75.844" errors="0" timestamp="2024-09-26T17:42:53 IST">
  <testcase classname="com.test.FirstTestCase" name="test" time="4.783"/>
  <testcase classname="com.test.SecondTestCase" name="Test" time="9.768"/>
  <testcase classname="com.test.ThirdTestCase" name="Test" time="22.448"/>
  <testcase classname="com.test.FourthTeastCase" name="Test" time="2.557"/>
  <testcase classname="com.test.FifthTestCase" name="Test" time="5.449"/>
</testsuite> <!-- Entrata TestCases -->
