<?xml version="1.0" encoding="UTF-8"?>
<testng-results ignored="0" total="5" passed="5" failed="0" skipped="0">
  <reporter-output>
  </reporter-output>
  <suite started-at="2024-09-26T17:47:10 IST" name="All Test Suite" finished-at="2024-09-26T17:49:06 IST" duration-ms="115930">
    <groups>
    </groups>
    <test started-at="2024-09-26T17:47:10 IST" name="Entrata TestCases" finished-at="2024-09-26T17:49:06 IST" duration-ms="115930">
      <class name="com.test.ThirdTestCase">
        <test-method is-config="true" signature="setup()[pri:0, instance:com.test.ThirdTestCase@59474f18]" started-at="2024-09-26T17:47:46 IST" name="setup" finished-at="2024-09-26T17:47:53 IST" duration-ms="7441" status="PASS">
          <reporter-output>
          </reporter-output>
        </test-method> <!-- setup -->
        <test-method signature="Test()[pri:0, instance:com.test.ThirdTestCase@59474f18]" started-at="2024-09-26T17:47:53 IST" name="Test" description="Verify that the application correctly navigates to multiple pages and ensures each page is opened successfully." finished-at="2024-09-26T17:48:37 IST" duration-ms="43565" status="PASS">
          <reporter-output>
          </reporter-output>
        </test-method> <!-- Test -->
        <test-method is-config="true" signature="tearDown()[pri:0, instance:com.test.ThirdTestCase@59474f18]" started-at="2024-09-26T17:48:37 IST" name="tearDown" finished-at="2024-09-26T17:48:37 IST" duration-ms="304" status="PASS">
          <reporter-output>
          </reporter-output>
        </test-method> <!-- tearDown -->
      </class> <!-- com.test.ThirdTestCase -->
      <class name="com.test.FirstTestCase">
        <test-method is-config="true" signature="setup()[pri:0, instance:com.test.FirstTestCase@35e2d654]" started-at="2024-09-26T17:47:10 IST" name="setup" finished-at="2024-09-26T17:47:18 IST" duration-ms="8081" status="PASS">
          <reporter-output>
          </reporter-output>
        </test-method> <!-- setup -->
        <test-method signature="test()[pri:0, instance:com.test.FirstTestCase@35e2d654]" started-at="2024-09-26T17:47:18 IST" name="test" description="Verify the functionality of the Schedule Your Demo form, including form validation and window handling." finished-at="2024-09-26T17:47:23 IST" duration-ms="5257" status="PASS">
          <reporter-output>
          </reporter-output>
        </test-method> <!-- test -->
        <test-method is-config="true" signature="tearDown()[pri:0, instance:com.test.FirstTestCase@35e2d654]" started-at="2024-09-26T17:47:23 IST" name="tearDown" finished-at="2024-09-26T17:47:24 IST" duration-ms="359" status="PASS">
          <reporter-output>
          </reporter-output>
        </test-method> <!-- tearDown -->
      </class> <!-- com.test.FirstTestCase -->
      <class name="com.test.FourthTeastCase">
        <test-method is-config="true" signature="setup()[pri:0, instance:com.test.FourthTeastCase@65fb9ffc]" started-at="2024-09-26T17:48:37 IST" name="setup" finished-at="2024-09-26T17:48:46 IST" duration-ms="9072" status="PASS">
          <reporter-output>
          </reporter-output>
        </test-method> <!-- setup -->
        <test-method signature="Test()[pri:0, instance:com.test.FourthTeastCase@65fb9ffc]" started-at="2024-09-26T17:48:46 IST" name="Test" description="Verify that all the guides on the Guides page have a &#039;Download Now&#039; button." finished-at="2024-09-26T17:48:48 IST" duration-ms="2252" status="PASS">
          <reporter-output>
          </reporter-output>
        </test-method> <!-- Test -->
        <test-method is-config="true" signature="tearDown()[pri:0, instance:com.test.FourthTeastCase@65fb9ffc]" started-at="2024-09-26T17:48:48 IST" name="tearDown" finished-at="2024-09-26T17:48:49 IST" duration-ms="176" status="PASS">
          <reporter-output>
          </reporter-output>
        </test-method> <!-- tearDown -->
      </class> <!-- com.test.FourthTeastCase -->
      <class name="com.test.SecondTestCase">
        <test-method is-config="true" signature="setup()[pri:0, instance:com.test.SecondTestCase@34123d65]" started-at="2024-09-26T17:47:24 IST" name="setup" finished-at="2024-09-26T17:47:30 IST" duration-ms="6325" status="PASS">
          <reporter-output>
          </reporter-output>
        </test-method> <!-- setup -->
        <test-method signature="Test()[pri:0, instance:com.test.SecondTestCase@34123d65]" started-at="2024-09-26T17:47:30 IST" name="Test" description="Verify the functionality of the Summit page and check dynamic data such as the Date, Summit heading, number of sessions, guest list, and their respective professions." finished-at="2024-09-26T17:47:45 IST" duration-ms="15501" status="PASS">
          <reporter-output>
          </reporter-output>
        </test-method> <!-- Test -->
        <test-method is-config="true" signature="testDown()[pri:0, instance:com.test.SecondTestCase@34123d65]" started-at="2024-09-26T17:47:45 IST" name="testDown" finished-at="2024-09-26T17:47:46 IST" duration-ms="277" status="PASS">
          <reporter-output>
          </reporter-output>
        </test-method> <!-- testDown -->
      </class> <!-- com.test.SecondTestCase -->
      <class name="com.test.FifthTestCase">
        <test-method is-config="true" signature="setup()[pri:0, instance:com.test.FifthTestCase@3e694b3f]" started-at="2024-09-26T17:48:49 IST" name="setup" finished-at="2024-09-26T17:48:56 IST" duration-ms="6971" status="PASS">
          <reporter-output>
          </reporter-output>
        </test-method> <!-- setup -->
        <test-method signature="Test()[pri:0, instance:com.test.FifthTestCase@3e694b3f]" started-at="2024-09-26T17:48:56 IST" name="Test" description="Verify that a user is not able to watch the webinar if they are not registered." finished-at="2024-09-26T17:49:05 IST" duration-ms="9965" status="PASS">
          <reporter-output>
          </reporter-output>
        </test-method> <!-- Test -->
        <test-method is-config="true" signature="tearDown()[pri:0, instance:com.test.FifthTestCase@3e694b3f]" started-at="2024-09-26T17:49:05 IST" name="tearDown" finished-at="2024-09-26T17:49:06 IST" duration-ms="323" status="PASS">
          <reporter-output>
          </reporter-output>
        </test-method> <!-- tearDown -->
      </class> <!-- com.test.FifthTestCase -->
    </test> <!-- Entrata TestCases -->
  </suite> <!-- All Test Suite -->
</testng-results>
