<?xml version="1.0" encoding="UTF-8"?>
<testsuite xmlns:xsi="http://www.w3.org/2001/XMLSchema-instance" xsi:noNamespaceSchemaLocation="https://maven.apache.org/surefire/maven-surefire-plugin/xsd/surefire-test-report-3.0.xsd" version="3.0" name="TestSuite" time="128.843" tests="5" errors="0" skipped="0" failures="0">
  <properties>
[...]
</properties>
  <testcase name="test" classname="com.test.FirstTestCase" time="6.219">
    <system-out><![CDATA[2024-09-26 20:50:21,929 [main] INFO  driverFactory.DriversFactory - Starting ChromeDriver
2024-09-26 20:50:24,429 [main] INFO  driverFactory.DriversFactory - ChromeDriver Started Successfully
2024-09-26 20:50:24,429 [main] INFO  driverFactory.DriversFactory - Start of Window Maximize
2024-09-26 20:50:24,463 [main] INFO  driverFactory.DriversFactory - End of Window Maximize
]]></system-out>
    <system-err><![CDATA[SLF4J: Failed to load class "org.slf4j.impl.StaticLoggerBinder".
SLF4J: Defaulting to no-operation (NOP) logger implementation
SLF4J: See http://www.slf4j.org/codes.html#StaticLoggerBinder for further details.
Sept 26, 2024 8:50:24 PM org.openqa.selenium.devtools.CdpVersionFinder findNearestMatch
WARNING: Unable to find an exact match for CDP version 129, returning the closest version; found: 128; Please update to a Selenium version that supports CDP version 129
]]></system-err>
  </testcase>
  <testcase name="Test" classname="com.test.SecondTestCase" time="9.715">
    <system-out><![CDATA[2024-09-26 20:50:43,689 [main] INFO  driverFactory.DriversFactory - Starting ChromeDriver
2024-09-26 20:50:44,408 [main] INFO  driverFactory.DriversFactory - ChromeDriver Started Successfully
2024-09-26 20:50:44,408 [main] INFO  driverFactory.DriversFactory - Start of Window Maximize
2024-09-26 20:50:44,443 [main] INFO  driverFactory.DriversFactory - End of Window Maximize
]]></system-out>
    <system-err><![CDATA[Sept 26, 2024 8:50:44 PM org.openqa.selenium.devtools.CdpVersionFinder findNearestMatch
WARNING: Unable to find an exact match for CDP version 129, returning the closest version; found: 128; Please update to a Selenium version that supports CDP version 129
]]></system-err>
  </testcase>
  <testcase name="Test" classname="com.test.ThirdTestCase" time="36.564">
    <system-out><![CDATA[2024-09-26 20:51:09,901 [main] INFO  driverFactory.DriversFactory - Starting ChromeDriver
2024-09-26 20:51:10,592 [main] INFO  driverFactory.DriversFactory - ChromeDriver Started Successfully
2024-09-26 20:51:10,592 [main] INFO  driverFactory.DriversFactory - Start of Window Maximize
2024-09-26 20:51:10,618 [main] INFO  driverFactory.DriversFactory - End of Window Maximize
]]></system-out>
    <system-err><![CDATA[Sept 26, 2024 8:51:10 PM org.openqa.selenium.devtools.CdpVersionFinder findNearestMatch
WARNING: Unable to find an exact match for CDP version 129, returning the closest version; found: 128; Please update to a Selenium version that supports CDP version 129
]]></system-err>
  </testcase>
  <testcase name="Test" classname="com.test.FourthTeastCase" time="1.902">
    <system-out><![CDATA[2024-09-26 20:52:00,198 [main] INFO  driverFactory.DriversFactory - Starting ChromeDriver
2024-09-26 20:52:00,961 [main] INFO  driverFactory.DriversFactory - ChromeDriver Started Successfully
2024-09-26 20:52:00,961 [main] INFO  driverFactory.DriversFactory - Start of Window Maximize
2024-09-26 20:52:01,014 [main] INFO  driverFactory.DriversFactory - End of Window Maximize
]]></system-out>
    <system-err><![CDATA[Sept 26, 2024 8:52:00 PM org.openqa.selenium.devtools.CdpVersionFinder findNearestMatch
WARNING: Unable to find an exact match for CDP version 129, returning the closest version; found: 128; Please update to a Selenium version that supports CDP version 129
]]></system-err>
  </testcase>
  <testcase name="Test" classname="com.test.FifthTestCase" time="6.288">
    <system-out><![CDATA[2024-09-26 20:52:13,781 [main] INFO  driverFactory.DriversFactory - Starting ChromeDriver
2024-09-26 20:52:14,444 [main] INFO  driverFactory.DriversFactory - ChromeDriver Started Successfully
2024-09-26 20:52:14,444 [main] INFO  driverFactory.DriversFactory - Start of Window Maximize
2024-09-26 20:52:14,486 [main] INFO  driverFactory.DriversFactory - End of Window Maximize
]]></system-out>
    <system-err><![CDATA[Sept 26, 2024 8:52:14 PM org.openqa.selenium.devtools.CdpVersionFinder findNearestMatch
WARNING: Unable to find an exact match for CDP version 129, returning the closest version; found: 128; Please update to a Selenium version that supports CDP version 129
]]></system-err>
  </testcase>
</testsuite>