<?xml version="1.0" encoding="UTF-8"?>
<testng-results ignored="0" total="5" passed="5" failed="0" skipped="0">
  <reporter-output>
  </reporter-output>
  <suite started-at="2024-09-26T20:50:21 IST" name="All Test Suite" finished-at="2024-09-26T20:52:29 IST" duration-ms="128357">
    <groups>
    </groups>
    <test started-at="2024-09-26T20:50:21 IST" name="Entrata TestCases" finished-at="2024-09-26T20:52:29 IST" duration-ms="128357">
      <class name="com.test.ThirdTestCase">
        <test-method is-config="true" signature="setup()[pri:0, instance:com.test.ThirdTestCase@12468a38]" started-at="2024-09-26T20:51:09 IST" name="setup" finished-at="2024-09-26T20:51:23 IST" duration-ms="13519" status="PASS">
          <reporter-output>
          </reporter-output>
        </test-method> <!-- setup -->
        <test-method signature="Test()[pri:0, instance:com.test.ThirdTestCase@12468a38]" started-at="2024-09-26T20:51:23 IST" name="Test" description="Verify that the application correctly navigates to multiple pages and ensures each page is opened successfully." finished-at="2024-09-26T20:51:59 IST" duration-ms="36564" status="PASS">
          <reporter-output>
          </reporter-output>
        </test-method> <!-- Test -->
        <test-method is-config="true" signature="tearDown()[pri:0, instance:com.test.ThirdTestCase@12468a38]" started-at="2024-09-26T20:51:59 IST" name="tearDown" finished-at="2024-09-26T20:52:00 IST" duration-ms="225" status="PASS">
          <reporter-output>
          </reporter-output>
        </test-method> <!-- tearDown -->
      </class> <!-- com.test.ThirdTestCase -->
      <class name="com.test.FirstTestCase">
        <test-method is-config="true" signature="setup()[pri:0, instance:com.test.FirstTestCase@479d31f3]" started-at="2024-09-26T20:50:21 IST" name="setup" finished-at="2024-09-26T20:50:37 IST" duration-ms="15752" status="PASS">
          <reporter-output>
          </reporter-output>
        </test-method> <!-- setup -->
        <test-method signature="test()[pri:0, instance:com.test.FirstTestCase@479d31f3]" started-at="2024-09-26T20:50:37 IST" name="test" description="Verify the functionality of the Schedule Your Demo form, including form validation and window handling." finished-at="2024-09-26T20:50:43 IST" duration-ms="6227" status="PASS">
          <reporter-output>
          </reporter-output>
        </test-method> <!-- test -->
        <test-method is-config="true" signature="tearDown()[pri:0, instance:com.test.FirstTestCase@479d31f3]" started-at="2024-09-26T20:50:43 IST" name="tearDown" finished-at="2024-09-26T20:50:43 IST" duration-ms="345" status="PASS">
          <reporter-output>
          </reporter-output>
        </test-method> <!-- tearDown -->
      </class> <!-- com.test.FirstTestCase -->
      <class name="com.test.FourthTeastCase">
        <test-method is-config="true" signature="setup()[pri:0, instance:com.test.FourthTeastCase@1aa7ecca]" started-at="2024-09-26T20:52:00 IST" name="setup" finished-at="2024-09-26T20:52:11 IST" duration-ms="11515" status="PASS">
          <reporter-output>
          </reporter-output>
        </test-method> <!-- setup -->
        <test-method signature="Test()[pri:0, instance:com.test.FourthTeastCase@1aa7ecca]" started-at="2024-09-26T20:52:11 IST" name="Test" description="Verify that all the guides on the Guides page have a &#039;Download Now&#039; button." finished-at="2024-09-26T20:52:13 IST" duration-ms="1902" status="PASS">
          <reporter-output>
          </reporter-output>
        </test-method> <!-- Test -->
        <test-method is-config="true" signature="tearDown()[pri:0, instance:com.test.FourthTeastCase@1aa7ecca]" started-at="2024-09-26T20:52:13 IST" name="tearDown" finished-at="2024-09-26T20:52:13 IST" duration-ms="166" status="PASS">
          <reporter-output>
          </reporter-output>
        </test-method> <!-- tearDown -->
      </class> <!-- com.test.FourthTeastCase -->
      <class name="com.test.SecondTestCase">
        <test-method is-config="true" signature="setup()[pri:0, instance:com.test.SecondTestCase@9f116cc]" started-at="2024-09-26T20:50:43 IST" name="setup" finished-at="2024-09-26T20:50:58 IST" duration-ms="14653" status="PASS">
          <reporter-output>
          </reporter-output>
        </test-method> <!-- setup -->
        <test-method signature="Test()[pri:0, instance:com.test.SecondTestCase@9f116cc]" started-at="2024-09-26T20:50:58 IST" name="Test" description="Verify the functionality of the Summit page and check dynamic data such as the Date, Summit heading, number of sessions, guest list, and their respective professions." finished-at="2024-09-26T20:51:08 IST" duration-ms="9717" status="PASS">
          <reporter-output>
          </reporter-output>
        </test-method> <!-- Test -->
        <test-method is-config="true" signature="testDown()[pri:0, instance:com.test.SecondTestCase@9f116cc]" started-at="2024-09-26T20:51:08 IST" name="testDown" finished-at="2024-09-26T20:51:09 IST" duration-ms="1827" status="PASS">
          <reporter-output>
          </reporter-output>
        </test-method> <!-- testDown -->
      </class> <!-- com.test.SecondTestCase -->
      <class name="com.test.FifthTestCase">
        <test-method is-config="true" signature="setup()[pri:0, instance:com.test.FifthTestCase@59309333]" started-at="2024-09-26T20:52:13 IST" name="setup" finished-at="2024-09-26T20:52:23 IST" duration-ms="9289" status="PASS">
          <reporter-output>
          </reporter-output>
        </test-method> <!-- setup -->
        <test-method signature="Test()[pri:0, instance:com.test.FifthTestCase@59309333]" started-at="2024-09-26T20:52:23 IST" name="Test" description="Verify that a user is not able to watch the webinar if they are not registered." finished-at="2024-09-26T20:52:29 IST" duration-ms="6287" status="PASS">
          <reporter-output>
          </reporter-output>
        </test-method> <!-- Test -->
        <test-method is-config="true" signature="tearDown()[pri:0, instance:com.test.FifthTestCase@59309333]" started-at="2024-09-26T20:52:29 IST" name="tearDown" finished-at="2024-09-26T20:52:29 IST" duration-ms="333" status="PASS">
          <reporter-output>
          </reporter-output>
        </test-method> <!-- tearDown -->
      </class> <!-- com.test.FifthTestCase -->
    </test> <!-- Entrata TestCases -->
  </suite> <!-- All Test Suite -->
</testng-results>
