<?xml version="1.0" encoding="UTF-8"?>
<testsuite xmlns:xsi="http://www.w3.org/2001/XMLSchema-instance" xsi:noNamespaceSchemaLocation="https://maven.apache.org/surefire/maven-surefire-plugin/xsd/surefire-test-report-3.0.xsd" version="3.0" name="TestSuite" time="116.494" tests="5" errors="0" skipped="0" failures="0">
  <properties>
[...]
</properties>
  <testcase name="test" classname="com.test.FirstTestCase" time="5.259">
    <system-out><![CDATA[2024-09-26 17:47:11,044 [main] INFO  driverFactory.DriversFactory - Starting ChromeDriver
2024-09-26 17:47:12,777 [main] INFO  driverFactory.DriversFactory - ChromeDriver Started Successfully
2024-09-26 17:47:12,777 [main] INFO  driverFactory.DriversFactory - Start of Window Maximize
2024-09-26 17:47:12,826 [main] INFO  driverFactory.DriversFactory - End of Window Maximize
]]></system-out>
    <system-err><![CDATA[SLF4J: Failed to load class "org.slf4j.impl.StaticLoggerBinder".
SLF4J: Defaulting to no-operation (NOP) logger implementation
SLF4J: See http://www.slf4j.org/codes.html#StaticLoggerBinder for further details.
Sept 26, 2024 5:47:12 PM org.openqa.selenium.devtools.CdpVersionFinder findNearestMatch
WARNING: Unable to find an exact match for CDP version 129, returning the closest version; found: 128; Please update to a Selenium version that supports CDP version 129
]]></system-err>
  </testcase>
  <testcase name="Test" classname="com.test.SecondTestCase" time="15.501">
    <system-out><![CDATA[2024-09-26 17:47:24,118 [main] INFO  driverFactory.DriversFactory - Starting ChromeDriver
2024-09-26 17:47:24,859 [main] INFO  driverFactory.DriversFactory - ChromeDriver Started Successfully
2024-09-26 17:47:24,860 [main] INFO  driverFactory.DriversFactory - Start of Window Maximize
2024-09-26 17:47:24,912 [main] INFO  driverFactory.DriversFactory - End of Window Maximize
]]></system-out>
    <system-err><![CDATA[Sept 26, 2024 5:47:24 PM org.openqa.selenium.devtools.CdpVersionFinder findNearestMatch
WARNING: Unable to find an exact match for CDP version 129, returning the closest version; found: 128; Please update to a Selenium version that supports CDP version 129
]]></system-err>
  </testcase>
  <testcase name="Test" classname="com.test.ThirdTestCase" time="43.566">
    <system-out><![CDATA[2024-09-26 17:47:46,224 [main] INFO  driverFactory.DriversFactory - Starting ChromeDriver
2024-09-26 17:47:46,892 [main] INFO  driverFactory.DriversFactory - ChromeDriver Started Successfully
2024-09-26 17:47:46,892 [main] INFO  driverFactory.DriversFactory - Start of Window Maximize
2024-09-26 17:47:46,953 [main] INFO  driverFactory.DriversFactory - End of Window Maximize
]]></system-out>
    <system-err><![CDATA[Sept 26, 2024 5:47:46 PM org.openqa.selenium.devtools.CdpVersionFinder findNearestMatch
WARNING: Unable to find an exact match for CDP version 129, returning the closest version; found: 128; Please update to a Selenium version that supports CDP version 129
]]></system-err>
  </testcase>
  <testcase name="Test" classname="com.test.FourthTeastCase" time="2.251">
    <system-out><![CDATA[2024-09-26 17:48:37,536 [main] INFO  driverFactory.DriversFactory - Starting ChromeDriver
2024-09-26 17:48:38,368 [main] INFO  driverFactory.DriversFactory - ChromeDriver Started Successfully
2024-09-26 17:48:38,368 [main] INFO  driverFactory.DriversFactory - Start of Window Maximize
2024-09-26 17:48:38,420 [main] INFO  driverFactory.DriversFactory - End of Window Maximize
]]></system-out>
    <system-err><![CDATA[Sept 26, 2024 5:48:38 PM org.openqa.selenium.devtools.CdpVersionFinder findNearestMatch
WARNING: Unable to find an exact match for CDP version 129, returning the closest version; found: 128; Please update to a Selenium version that supports CDP version 129
]]></system-err>
  </testcase>
  <testcase name="Test" classname="com.test.FifthTestCase" time="9.966">
    <system-out><![CDATA[2024-09-26 17:48:49,036 [main] INFO  driverFactory.DriversFactory - Starting ChromeDriver
2024-09-26 17:48:49,951 [main] INFO  driverFactory.DriversFactory - ChromeDriver Started Successfully
2024-09-26 17:48:49,951 [main] INFO  driverFactory.DriversFactory - Start of Window Maximize
2024-09-26 17:48:50,044 [main] INFO  driverFactory.DriversFactory - End of Window Maximize
]]></system-out>
    <system-err><![CDATA[Sept 26, 2024 5:48:49 PM org.openqa.selenium.devtools.CdpVersionFinder findNearestMatch
WARNING: Unable to find an exact match for CDP version 129, returning the closest version; found: 128; Please update to a Selenium version that supports CDP version 129
]]></system-err>
  </testcase>
</testsuite>