<?xml version="1.0" encoding="UTF-8"?>
<!-- Generated by org.testng.reporters.JUnitXMLReporter -->
<testsuite ignored="0" hostname="TGL154" failures="0" tests="5" name="Entrata TestCases" time="115.93" errors="0" timestamp="2024-09-26T17:49:06 IST">
  <testcase classname="com.test.FirstTestCase" name="test" time="5.257"/>
  <testcase classname="com.test.SecondTestCase" name="Test" time="15.501"/>
  <testcase classname="com.test.ThirdTestCase" name="Test" time="43.565"/>
  <testcase classname="com.test.FourthTeastCase" name="Test" time="2.252"/>
  <testcase classname="com.test.FifthTestCase" name="Test" time="9.965"/>
</testsuite> <!-- Entrata TestCases -->
