<?xml version="1.0" encoding="UTF-8"?>
<!-- Generated by org.testng.reporters.JUnitXMLReporter -->
<testsuite ignored="0" hostname="TGL154" failures="0" tests="5" name="Entrata TestCases" time="128.357" errors="0" timestamp="2024-09-26T20:52:29 IST">
  <testcase classname="com.test.FirstTestCase" name="test" time="6.227"/>
  <testcase classname="com.test.SecondTestCase" name="Test" time="9.717"/>
  <testcase classname="com.test.ThirdTestCase" name="Test" time="36.564"/>
  <testcase classname="com.test.FourthTeastCase" name="Test" time="1.902"/>
  <testcase classname="com.test.FifthTestCase" name="Test" time="6.287"/>
</testsuite> <!-- Entrata TestCases -->
